<?xml version="1.0" encoding="UTF-8"?><testsuite name="nosetests" tests="20" errors="0" failures="0" skip="0"><testcase classname="bashate.tests.test_bashate.TestBashate" name="test_ignore" time="0.004"></testcase><testcase classname="bashate.tests.test_bashate.TestBashate" name="test_main_no_files" time="0.022"><system-out><![CDATA[usage: <MagicMock name='argv.__getitem__().__getitem__()' id='140018076658256'>
       [-h] [-i IGNORE] [-w WARN] [-e ERROR] [-v] [-s] [file [file ...]]
]]></system-out></testcase><testcase classname="bashate.tests.test_bashate.TestBashate" name="test_main_return_one_on_errors" time="0.021"><system-out><![CDATA[usage: <MagicMock name='argv.__getitem__().__getitem__()' id='140018076194576'>
       [-h] [-i IGNORE] [-w WARN] [-e ERROR] [-v] [-s] [file [file ...]]
]]></system-out></testcase><testcase classname="bashate.tests.test_bashate.TestBashate" name="test_main_return_one_on_ioerror" time="0.018"><system-out><![CDATA[usage: <MagicMock name='argv.__getitem__().__getitem__()' id='140018075663888'>
       [-h] [-i IGNORE] [-w WARN] [-e ERROR] [-v] [-s] [file [file ...]]
]]></system-out></testcase><testcase classname="bashate.tests.test_bashate.TestBashate" name="test_multi_ignore_mixed" time="0.003"></testcase><testcase classname="bashate.tests.test_bashate.TestBashate" name="test_multi_ignore_with_comma" time="0.003"></testcase><testcase classname="bashate.tests.test_bashate.TestBashate" name="test_multi_ignore_with_slash" time="0.002"></testcase><testcase classname="bashate.tests.test_bashate.TestBashate" name="test_while_check_for_do" time="0.004"></testcase><testcase classname="bashate.tests.test_bashate.TestBashateSamples" name="test_pre_zero_dot_one_sample_file" time="0.010"></testcase><testcase classname="bashate.tests.test_bashate.TestBashateSamples" name="test_sample_E001" time="0.003"></testcase><testcase classname="bashate.tests.test_bashate.TestBashateSamples" name="test_sample_E002" time="0.004"></testcase><testcase classname="bashate.tests.test_bashate.TestBashateSamples" name="test_sample_E005" time="0.003"></testcase><testcase classname="bashate.tests.test_bashate.TestBashateSamples" name="test_sample_E010" time="0.004"></testcase><testcase classname="bashate.tests.test_bashate.TestBashateSamples" name="test_sample_E010_good" time="0.003"></testcase><testcase classname="bashate.tests.test_bashate.TestBashateSamples" name="test_sample_E011" time="0.005"></testcase><testcase classname="bashate.tests.test_bashate.TestBashateSamples" name="test_sample_E011_good" time="0.004"></testcase><testcase classname="bashate.tests.test_bashate.TestBashateSamples" name="test_sample_E041" time="0.003"></testcase><testcase classname="bashate.tests.test_bashate.TestBashateSamples" name="test_sample_comments" time="0.004"></testcase><testcase classname="bashate.tests.test_bashate.TestBashateSamples" name="test_sample_for_loops" time="0.006"></testcase><testcase classname="bashate.tests.test_bashate.TestBashateSamples" name="test_sample_warning" time="0.005"></testcase></testsuite>